<?xml version="1.0" encoding="UTF-8" ?>
<testsuites>
  <testsuite errors="0" failures="0" hostname="BOS4ISLMJZHENG" id="0" name="UserTests" package="racetrack" tests="2" time="1.031" timestamp="2011-12-10T21:10:26">
      <properties />

      <testcase classname="racetrack.UserTests" name="testSimpleConstraints" time="0.578" />

      <testcase classname="racetrack.UserTests" name="testUniqueConstraint" time="0.438" />

      <system-out><![CDATA[--Output from testSimpleConstraints--
--Output from testUniqueConstraint--
]]></system-out>

      <system-err><![CDATA[--Output from testSimpleConstraints--
--Output from testUniqueConstraint--
]]></system-err>

  </testsuite>
</testsuites>
